{"contracts\\NFTMarketplace.sol":{"l":{"45":3,"51":2,"52":1,"54":1,"60":1,"68":3,"69":3,"71":3,"72":3,"73":3,"74":1,"84":3,"85":1,"87":2,"88":1,"91":1,"99":1,"100":1,"113":3,"114":1,"116":2,"117":1,"119":1,"120":1,"121":1,"122":1,"123":1,"125":1,"131":2,"132":2,"133":2,"134":1,"137":1,"138":1,"139":1,"140":1,"141":1,"142":1,"143":1,"149":2,"150":2,"151":2,"153":2,"154":2,"155":2,"156":2,"157":2,"158":2,"159":2,"162":2,"168":1,"169":1,"170":1,"172":1,"173":1,"174":1,"178":1,"179":1,"180":1,"181":1,"182":1,"183":1,"184":1,"187":1,"193":1,"194":1,"195":1,"197":1,"198":1,"199":1,"203":1,"204":1,"205":1,"206":1,"207":1,"208":1,"209":1,"212":1},"path":"C:\\Users\\bbruc\\Desktop\\nftmarketplace\\NFT-Marketplace\\backend\\contracts\\NFTMarketplace.sol","s":{"1":2,"2":1,"3":3,"4":3,"5":3,"6":3,"7":1,"8":3,"9":2,"10":1,"11":1,"12":3,"13":2,"14":1,"15":2,"16":2,"17":2,"18":1,"19":1,"20":1,"21":2,"22":2,"23":2,"24":2,"25":2,"26":2,"27":2,"28":2,"29":2,"30":1,"31":1,"32":1,"33":1,"34":1,"35":1,"36":1,"37":1,"38":1,"39":1,"40":1,"41":1,"42":1,"43":1,"44":1,"45":1,"46":1,"47":1,"48":1,"49":1,"50":1,"51":1},"b":{"1":[1,1],"2":[1,2],"3":[1,1],"4":[1,2],"5":[1,1],"6":[1,1],"7":[2,0],"8":[1,0],"9":[1,0],"10":[1,0],"11":[1,0]},"f":{"1":3,"2":2,"3":1,"4":3,"5":3,"6":3,"7":2,"8":2,"9":1,"10":1},"fnMap":{"1":{"name":"constructor","line":44,"loc":{"start":{"line":44,"column":4},"end":{"line":46,"column":4}}},"2":{"name":"updateListingPrice","line":50,"loc":{"start":{"line":50,"column":4},"end":{"line":55,"column":4}}},"3":{"name":"getListingPrice","line":59,"loc":{"start":{"line":59,"column":4},"end":{"line":61,"column":4}}},"4":{"name":"createToken","line":67,"loc":{"start":{"line":67,"column":4},"end":{"line":75,"column":4}}},"5":{"name":"createMarketItem","line":80,"loc":{"start":{"line":80,"column":4},"end":{"line":107,"column":4}}},"6":{"name":"resellToken","line":112,"loc":{"start":{"line":112,"column":4},"end":{"line":126,"column":4}}},"7":{"name":"createMarketSale","line":130,"loc":{"start":{"line":130,"column":4},"end":{"line":144,"column":4}}},"8":{"name":"fetchMarketItems","line":148,"loc":{"start":{"line":148,"column":4},"end":{"line":163,"column":4}}},"9":{"name":"fetchMyNFTs","line":167,"loc":{"start":{"line":167,"column":4},"end":{"line":188,"column":4}}},"10":{"name":"fetchItemsListed","line":192,"loc":{"start":{"line":192,"column":4},"end":{"line":213,"column":4}}}},"statementMap":{"1":{"start":{"line":51,"column":6},"end":{"line":51,"column":1487}},"2":{"start":{"line":60,"column":6},"end":{"line":60,"column":25}},"3":{"start":{"line":69,"column":6},"end":{"line":69,"column":36}},"4":{"start":{"line":71,"column":6},"end":{"line":71,"column":34}},"5":{"start":{"line":72,"column":6},"end":{"line":72,"column":39}},"6":{"start":{"line":73,"column":6},"end":{"line":73,"column":40}},"7":{"start":{"line":74,"column":6},"end":{"line":74,"column":23}},"8":{"start":{"line":84,"column":6},"end":{"line":84,"column":2629}},"9":{"start":{"line":87,"column":6},"end":{"line":87,"column":2709}},"10":{"start":{"line":99,"column":6},"end":{"line":99,"column":50}},"11":{"start":{"line":100,"column":6},"end":{"line":100,"column":3038}},"12":{"start":{"line":113,"column":6},"end":{"line":113,"column":3420}},"13":{"start":{"line":116,"column":6},"end":{"line":116,"column":3533}},"14":{"start":{"line":125,"column":6},"end":{"line":125,"column":50}},"15":{"start":{"line":131,"column":6},"end":{"line":131,"column":48}},"16":{"start":{"line":132,"column":6},"end":{"line":132,"column":53}},"17":{"start":{"line":133,"column":6},"end":{"line":133,"column":4338}},"18":{"start":{"line":141,"column":6},"end":{"line":141,"column":50}},"19":{"start":{"line":142,"column":6},"end":{"line":142,"column":42}},"20":{"start":{"line":143,"column":6},"end":{"line":143,"column":40}},"21":{"start":{"line":149,"column":6},"end":{"line":149,"column":32}},"22":{"start":{"line":150,"column":6},"end":{"line":150,"column":51}},"23":{"start":{"line":151,"column":6},"end":{"line":151,"column":27}},"24":{"start":{"line":153,"column":6},"end":{"line":153,"column":67}},"25":{"start":{"line":154,"column":6},"end":{"line":154,"column":5185}},"26":{"start":{"line":155,"column":8},"end":{"line":155,"column":5235}},"27":{"start":{"line":156,"column":10},"end":{"line":156,"column":32}},"28":{"start":{"line":157,"column":10},"end":{"line":157,"column":68}},"29":{"start":{"line":162,"column":6},"end":{"line":162,"column":18}},"30":{"start":{"line":168,"column":6},"end":{"line":168,"column":37}},"31":{"start":{"line":169,"column":6},"end":{"line":169,"column":24}},"32":{"start":{"line":170,"column":6},"end":{"line":170,"column":27}},"33":{"start":{"line":172,"column":6},"end":{"line":172,"column":5822}},"34":{"start":{"line":173,"column":8},"end":{"line":173,"column":5877}},"35":{"start":{"line":178,"column":6},"end":{"line":178,"column":61}},"36":{"start":{"line":179,"column":6},"end":{"line":179,"column":6044}},"37":{"start":{"line":180,"column":8},"end":{"line":180,"column":6099}},"38":{"start":{"line":181,"column":10},"end":{"line":181,"column":32}},"39":{"start":{"line":182,"column":10},"end":{"line":182,"column":68}},"40":{"start":{"line":187,"column":6},"end":{"line":187,"column":18}},"41":{"start":{"line":193,"column":6},"end":{"line":193,"column":37}},"42":{"start":{"line":194,"column":6},"end":{"line":194,"column":24}},"43":{"start":{"line":195,"column":6},"end":{"line":195,"column":27}},"44":{"start":{"line":197,"column":6},"end":{"line":197,"column":6665}},"45":{"start":{"line":198,"column":8},"end":{"line":198,"column":6720}},"46":{"start":{"line":203,"column":6},"end":{"line":203,"column":61}},"47":{"start":{"line":204,"column":6},"end":{"line":204,"column":6888}},"48":{"start":{"line":205,"column":8},"end":{"line":205,"column":6943}},"49":{"start":{"line":206,"column":10},"end":{"line":206,"column":32}},"50":{"start":{"line":207,"column":10},"end":{"line":207,"column":68}},"51":{"start":{"line":212,"column":6},"end":{"line":212,"column":18}}},"branchMap":{"1":{"line":51,"type":"if","locations":[{"start":{"line":51,"column":6},"end":{"line":51,"column":6}},{"start":{"line":51,"column":6},"end":{"line":51,"column":6}}]},"2":{"line":84,"type":"if","locations":[{"start":{"line":84,"column":6},"end":{"line":84,"column":6}},{"start":{"line":84,"column":6},"end":{"line":84,"column":6}}]},"3":{"line":87,"type":"if","locations":[{"start":{"line":87,"column":6},"end":{"line":87,"column":6}},{"start":{"line":87,"column":6},"end":{"line":87,"column":6}}]},"4":{"line":113,"type":"if","locations":[{"start":{"line":113,"column":6},"end":{"line":113,"column":6}},{"start":{"line":113,"column":6},"end":{"line":113,"column":6}}]},"5":{"line":116,"type":"if","locations":[{"start":{"line":116,"column":6},"end":{"line":116,"column":6}},{"start":{"line":116,"column":6},"end":{"line":116,"column":6}}]},"6":{"line":133,"type":"if","locations":[{"start":{"line":133,"column":6},"end":{"line":133,"column":6}},{"start":{"line":133,"column":6},"end":{"line":133,"column":6}}]},"7":{"line":155,"type":"if","locations":[{"start":{"line":155,"column":8},"end":{"line":155,"column":8}},{"start":{"line":155,"column":8},"end":{"line":155,"column":8}}]},"8":{"line":173,"type":"if","locations":[{"start":{"line":173,"column":8},"end":{"line":173,"column":8}},{"start":{"line":173,"column":8},"end":{"line":173,"column":8}}]},"9":{"line":180,"type":"if","locations":[{"start":{"line":180,"column":8},"end":{"line":180,"column":8}},{"start":{"line":180,"column":8},"end":{"line":180,"column":8}}]},"10":{"line":198,"type":"if","locations":[{"start":{"line":198,"column":8},"end":{"line":198,"column":8}},{"start":{"line":198,"column":8},"end":{"line":198,"column":8}}]},"11":{"line":205,"type":"if","locations":[{"start":{"line":205,"column":8},"end":{"line":205,"column":8}},{"start":{"line":205,"column":8},"end":{"line":205,"column":8}}]}}}}